1692297244400	geckodriver	INFO	Listening on 127.0.0.1:52329
1692297247454	mozrunner::runner	INFO	Running command: "C:\\Program Files\\Mozilla Firefox\\firefox.exe" "--marionette" "--remote-debugging-port" "52330" "--remote-allow-hosts" "localhost" "-no-remote" "-profile" "C:\\Users\\maruf\\AppData\\Local\\Temp\\rust_mozprofileG82E7T"
console.warn: services.settings: Ignoring preference override of remote settings server
console.warn: services.settings: Allow by setting MOZ_REMOTE_SETTINGS_DEVTOOLS=1 in the environment
1692297247663	Marionette	INFO	Marionette enabled
Dynamically enable window occlusion 0
1692297247725	Marionette	INFO	Listening on port 52338
WebDriver BiDi listening on ws://127.0.0.1:52330
Read port: 52338
1692297247852	RemoteAgent	WARN	TLS certificate errors will be ignored for this session
DevTools listening on ws://127.0.0.1:52330/devtools/browser/e3a1a68b-2289-42f1-b0ad-d331bfbe9b30
JavaScript error: , line 0: uncaught exception: undefined
JavaScript warning: https://gum.criteo.com/syncframe?topUrl=www.n11.com&origin=onetag#{%22bundle%22:{%22origin%22:0,%22value%22:null},%22cw%22:true,%22optout%22:{%22origin%22:0,%22value%22:null},%22origin%22:%22onetag%22,%22sid%22:{%22origin%22:0,%22value%22:null},%22tld%22:%22n11.com%22,%22topUrl%22:%22www.n11.com%22,%22version%22:%225_17_0%22,%22ifa%22:{%22origin%22:0,%22value%22:null},%22lsw%22:true,%22pm%22:0}, line 16: Script terminated by timeout at:
r.prototype.flushEventQueue@https://gum.criteo.com/syncframe?topUrl=www.n11.com&origin=onetag#{%22bundle%22:{%22origin%22:0,%22value%22:null},%22cw%22:true,%22optout%22:{%22origin%22:0,%22value%22:null},%22origin%22:%22onetag%22,%22sid%22:{%22origin%22:0,%22value%22:null},%22tld%22:%22n11.com%22,%22topUrl%22:%22www.n11.com%22,%22version%22:%225_17_0%22,%22ifa%22:{%22origin%22:0,%22value%22:null},%22lsw%22:true,%22pm%22:0}:16:3137
r/<@https://gum.criteo.com/syncframe?topUrl=www.n11.com&origin=onetag#{%22bundle%22:{%22origin%22:0,%22value%22:null},%22cw%22:true,%22optout%22:{%22origin%22:0,%22value%22:null},%22origin%22:%22onetag%22,%22sid%22:{%22origin%22:0,%22value%22:null},%22tld%22:%22n11.com%22,%22topUrl%22:%22www.n11.com%22,%22version%22:%225_17_0%22,%22ifa%22:{%22origin%22:0,%22value%22:null},%22lsw%22:true,%22pm%22:0}:16:3665

[Parent 29612, IPC I/O Parent] WARNING: DuplicateHandle failed for handle 0 in TransferHandles: file /builds/worker/checkouts/gecko/ipc/chromium/src/chrome/common/ipc_channel_win.cc:621
[GPU 34492, IPC I/O Child] WARNING: pipe error: 232: file /builds/worker/checkouts/gecko/ipc/chromium/src/chrome/common/ipc_channel_win.cc:443
[Parent 29612, IPC I/O Parent] WARNING: DuplicateHandle failed for handle 0 in TransferHandles: file /builds/worker/checkouts/gecko/ipc/chromium/src/chrome/common/ipc_channel_win.cc:621
[GPU 34492, IPC I/O Child] WARNING: pipe error: 232: file /builds/worker/checkouts/gecko/ipc/chromium/src/chrome/common/ipc_channel_win.cc:443
[Parent 29612, IPC I/O Parent] WARNING: DuplicateHandle failed for handle 0 in TransferHandles: file /builds/worker/checkouts/gecko/ipc/chromium/src/chrome/common/ipc_channel_win.cc:621
[Parent 29612, IPC I/O Parent] WARNING: DuplicateHandle failed for handle 0 in TransferHandles: file /builds/worker/checkouts/gecko/ipc/chromium/src/chrome/common/ipc_channel_win.cc:621
[GPU 34492, IPC I/O Child] WARNING: pipe error: 232: file /builds/worker/checkouts/gecko/ipc/chromium/src/chrome/common/ipc_channel_win.cc:443
[Parent 29612, IPC I/O Parent] WARNING: DuplicateHandle failed for handle 0 in TransferHandles: file /builds/worker/checkouts/gecko/ipc/chromium/src/chrome/common/ipc_channel_win.cc:621
[GPU 34492, IPC I/O Child] WARNING: pipe error: 232: file /builds/worker/checkouts/gecko/ipc/chromium/src/chrome/common/ipc_channel_win.cc:443
[GPU 34492, IPC I/O Child] WARNING: pipe error: 232: file /builds/worker/checkouts/gecko/ipc/chromium/src/chrome/common/ipc_channel_win.cc:443
console.warn: LoginRecipes: "Falling back to a synchronous message for: https://www.n11.com."
console.warn: LoginRecipes: "Falling back to a synchronous message for: https://www.n11.com."
1692297253873	Marionette	WARN	Ignoring event 'DOMContentLoaded' because document has an invalid readyState of 'complete'.
1692297253873	Marionette	WARN	Ignoring event 'DOMContentLoaded' because document has an invalid readyState of 'complete'.
JavaScript error: , line 0: uncaught exception: undefined
[Parent 29612, IPC I/O Parent] WARNING: DuplicateHandle failed for handle 0 in TransferHandles: file /builds/worker/checkouts/gecko/ipc/chromium/src/chrome/common/ipc_channel_win.cc:621
[GPU 34492, IPC I/O Child] WARNING: pipe error: 232: file /builds/worker/checkouts/gecko/ipc/chromium/src/chrome/common/ipc_channel_win.cc:443
JavaScript warning: https://cdn.appdynamics.com/adrum-ext.5f3ed04179a28c18e6b99b8ebb7abf59.js, line 112: Script terminated by timeout at:
c.bb@https://cdn.appdynamics.com/adrum-ext.5f3ed04179a28c18e6b99b8ebb7abf59.js:112:103
q@https://n11scdn.akamaized.net/adrum.js:4:473

1692297263468	Marionette	INFO	Stopped listening on port 52338
Dynamically enable window occlusion 1
[Parent 29612, IPC I/O Parent] WARNING: DuplicateHandle failed for handle 0 in TransferHandles: file /builds/worker/checkouts/gecko/ipc/chromium/src/chrome/common/ipc_channel_win.cc:621
[GPU 34492, IPC I/O Child] WARNING: pipe error: 232: file /builds/worker/checkouts/gecko/ipc/chromium/src/chrome/common/ipc_channel_win.cc:443
[Parent 29612, IPC I/O Parent] WARNING: DuplicateHandle failed for handle 0 in TransferHandles: file /builds/worker/checkouts/gecko/ipc/chromium/src/chrome/common/ipc_channel_win.cc:621
[GPU 34492, IPC I/O Child] WARNING: pipe error: 232: file /builds/worker/checkouts/gecko/ipc/chromium/src/chrome/common/ipc_channel_win.cc:443
[Parent 29612, IPC I/O Parent] WARNING: DuplicateHandle failed for handle 0 in TransferHandles: file /builds/worker/checkouts/gecko/ipc/chromium/src/chrome/common/ipc_channel_win.cc:621
[GPU 34492, IPC I/O Child] WARNING: pipe error: 232: file /builds/worker/checkouts/gecko/ipc/chromium/src/chrome/common/ipc_channel_win.cc:443
[Parent 29612, IPC I/O Parent] WARNING: DuplicateHandle failed for handle 0 in TransferHandles: file /builds/worker/checkouts/gecko/ipc/chromium/src/chrome/common/ipc_channel_win.cc:621
[GPU 34492, IPC I/O Child] WARNING: pipe error: 232: file /builds/worker/checkouts/gecko/ipc/chromium/src/chrome/common/ipc_channel_win.cc:443
[Parent 29612, IPC I/O Parent] WARNING: DuplicateHandle failed for handle 0 in TransferHandles: file /builds/worker/checkouts/gecko/ipc/chromium/src/chrome/common/ipc_channel_win.cc:621
[GPU 34492, IPC I/O Child] WARNING: pipe error: 232: file /builds/worker/checkouts/gecko/ipc/chromium/src/chrome/common/ipc_channel_win.cc:443
[Parent 29612, IPC I/O Parent] WARNING: DuplicateHandle failed for handle 0 in TransferHandles: file /builds/worker/checkouts/gecko/ipc/chromium/src/chrome/common/ipc_channel_win.cc:621
[GPU 34492, IPC I/O Child] WARNING: pipe error: 232: file /builds/worker/checkouts/gecko/ipc/chromium/src/chrome/common/ipc_channel_win.cc:443
